[INFO]: Run Directory: /home/hosni/caravel_ips/caravel_ips_tc/openlane/user_project_wrapper/runs/23_06_08_08_11
[INFO]: Saving runtime environment...
[INFO]: Preparing LEF files for the nom corner...
[INFO]: Preparing LEF files for the min corner...
[INFO]: Preparing LEF files for the max corner...
[INFO]: Running Synthesis (log: ../home/hosni/caravel_ips/caravel_ips_tc/openlane/user_project_wrapper/runs/23_06_08_08_11/logs/synthesis/1-synthesis.log)...
[INFO]: Running Single-Corner Static Timing Analysis (log: ../home/hosni/caravel_ips/caravel_ips_tc/openlane/user_project_wrapper/runs/23_06_08_08_11/logs/synthesis/2-sta.log)...
[INFO]: Creating a netlist with power/ground pins.
[INFO]: Running Initial Floorplanning (log: ../home/hosni/caravel_ips/caravel_ips_tc/openlane/user_project_wrapper/runs/23_06_08_08_11/logs/floorplan/3-initial_fp.log)...
[INFO]: Floorplanned with width 2908.58 and height 3497.92.
[INFO]: Running IO Placement...
[INFO]: Applying DEF template...
[INFO]: Performing Manual Macro Placement (log: ../home/hosni/caravel_ips/caravel_ips_tc/openlane/user_project_wrapper/runs/23_06_08_08_11/logs/placement/5-macro_placement.log)...
[INFO]: Power planning with power {vccd1 vccd2 vdda1 vdda2} and ground {vssd1 vssd2 vssa1 vssa2}...
[INFO]: Generating PDN (log: ../home/hosni/caravel_ips/caravel_ips_tc/openlane/user_project_wrapper/runs/23_06_08_08_11/logs/floorplan/6-pdn.log)...
[INFO]: Performing Random Global Placement (log: ../home/hosni/caravel_ips/caravel_ips_tc/openlane/user_project_wrapper/runs/23_06_08_08_11/logs/placement/7-global.log)...
[INFO]: Skipping Placement Resizer Design Optimizations.
[INFO]: Running Detailed Placement (log: ../home/hosni/caravel_ips/caravel_ips_tc/openlane/user_project_wrapper/runs/23_06_08_08_11/logs/placement/8-detailed.log)...
[INFO]: Running Single-Corner Static Timing Analysis (log: ../home/hosni/caravel_ips/caravel_ips_tc/openlane/user_project_wrapper/runs/23_06_08_08_11/logs/placement/9-dpl_sta.log)...
[INFO]: Skipping Placement Resizer Timing Optimizations.
[INFO]: Running Global Routing Resizer Design Optimizations (log: ../home/hosni/caravel_ips/caravel_ips_tc/openlane/user_project_wrapper/runs/23_06_08_08_11/logs/routing/10-resizer_design.log)...
[INFO]: Running Single-Corner Static Timing Analysis (log: ../home/hosni/caravel_ips/caravel_ips_tc/openlane/user_project_wrapper/runs/23_06_08_08_11/logs/routing/11-rsz_design_sta.log)...
[INFO]: Running Global Routing Resizer Timing Optimizations (log: ../home/hosni/caravel_ips/caravel_ips_tc/openlane/user_project_wrapper/runs/23_06_08_08_11/logs/routing/12-resizer_timing.log)...
[INFO]: Running Single-Corner Static Timing Analysis (log: ../home/hosni/caravel_ips/caravel_ips_tc/openlane/user_project_wrapper/runs/23_06_08_08_11/logs/routing/13-rsz_timing_sta.log)...
[INFO]: Applying Routing Obstructions (log: ../home/hosni/caravel_ips/caravel_ips_tc/openlane/user_project_wrapper/runs/23_06_08_08_11/logs/routing/14-obs.log)...
[INFO]: Running Global Routing (log: ../home/hosni/caravel_ips/caravel_ips_tc/openlane/user_project_wrapper/runs/23_06_08_08_11/logs/routing/15-global.log)...
[INFO]: Writing Verilog (log: ../home/hosni/caravel_ips/caravel_ips_tc/openlane/user_project_wrapper/runs/23_06_08_08_11/logs/routing/15-global_write_netlist.log)...
[INFO]: Running Single-Corner Static Timing Analysis (log: ../home/hosni/caravel_ips/caravel_ips_tc/openlane/user_project_wrapper/runs/23_06_08_08_11/logs/routing/17-grt_sta.log)...
[INFO]: Running Detailed Routing (log: ../home/hosni/caravel_ips/caravel_ips_tc/openlane/user_project_wrapper/runs/23_06_08_08_11/logs/routing/18-detailed.log)...
[INFO]: No DRC violations after detailed routing.
[INFO]: Checking Wire Lengths (log: ../home/hosni/caravel_ips/caravel_ips_tc/openlane/user_project_wrapper/runs/23_06_08_08_11/logs/routing/19-wire_lengths.log)...
[INFO]: Running SPEF Extraction at the min process corner (log: ../home/hosni/caravel_ips/caravel_ips_tc/openlane/user_project_wrapper/runs/23_06_08_08_11/logs/signoff/20-parasitics_extraction.min.log)...
[INFO]: Running Multi-Corner Static Timing Analysis at the min process corner (log: ../home/hosni/caravel_ips/caravel_ips_tc/openlane/user_project_wrapper/runs/23_06_08_08_11/logs/signoff/21-rcx_mcsta.min.log)...
[INFO]: Running SPEF Extraction at the max process corner (log: ../home/hosni/caravel_ips/caravel_ips_tc/openlane/user_project_wrapper/runs/23_06_08_08_11/logs/signoff/22-parasitics_extraction.max.log)...
[INFO]: Running Multi-Corner Static Timing Analysis at the max process corner (log: ../home/hosni/caravel_ips/caravel_ips_tc/openlane/user_project_wrapper/runs/23_06_08_08_11/logs/signoff/23-rcx_mcsta.max.log)...
[INFO]: Running SPEF Extraction at the nom process corner (log: ../home/hosni/caravel_ips/caravel_ips_tc/openlane/user_project_wrapper/runs/23_06_08_08_11/logs/signoff/24-parasitics_extraction.nom.log)...
[INFO]: Running Multi-Corner Static Timing Analysis at the nom process corner (log: ../home/hosni/caravel_ips/caravel_ips_tc/openlane/user_project_wrapper/runs/23_06_08_08_11/logs/signoff/25-rcx_mcsta.nom.log)...
[INFO]: Running Single-Corner Static Timing Analysis at the nom process corner (log: ../home/hosni/caravel_ips/caravel_ips_tc/openlane/user_project_wrapper/runs/23_06_08_08_11/logs/signoff/26-rcx_sta.log)...
[WARNING]: Module sky130_fd_sc_hd__fill_2 blackboxed during sta
[WARNING]: Module sky130_ef_sc_hd__decap_12 blackboxed during sta
[WARNING]: Module sky130_fd_sc_hd__fill_1 blackboxed during sta
[WARNING]: Module sky130_fd_sc_hd__tapvpwrvgnd_1 blackboxed during sta
[INFO]: Creating IR Drop Report (log: ../home/hosni/caravel_ips/caravel_ips_tc/openlane/user_project_wrapper/runs/23_06_08_08_11/logs/signoff/27-irdrop.log)...
[INFO]: Running Magic to generate various views...
[INFO]: Streaming out GDSII with Magic (log: ../home/hosni/caravel_ips/caravel_ips_tc/openlane/user_project_wrapper/runs/23_06_08_08_11/logs/signoff/28-gdsii.log)...
[INFO]: Generating MAGLEF views...
[INFO]: Generating lef with Magic (/home/hosni/caravel_ips/caravel_ips_tc/openlane/user_project_wrapper/runs/23_06_08_08_11/logs/signoff/28-lef.log)...
[INFO]: Streaming out GDSII with KLayout (log: ../home/hosni/caravel_ips/caravel_ips_tc/openlane/user_project_wrapper/runs/23_06_08_08_11/logs/signoff/29-gdsii-klayout.log)...
[INFO]: Running XOR on the layouts using KLayout (log: ../home/hosni/caravel_ips/caravel_ips_tc/openlane/user_project_wrapper/runs/23_06_08_08_11/logs/signoff/30-xor.log)...
[INFO]: No XOR differences between KLayout and Magic gds.
[INFO]: Running Magic Spice Export from GDS (log: ../home/hosni/caravel_ips/caravel_ips_tc/openlane/user_project_wrapper/runs/23_06_08_08_11/logs/signoff/31-gds.spice.log)...
[INFO]: Writing Powered Verilog (logs: ../home/hosni/caravel_ips/caravel_ips_tc/openlane/user_project_wrapper/runs/23_06_08_08_11/logs/signoff/32-write_powered_def.log, ../home/hosni/caravel_ips/caravel_ips_tc/openlane/user_project_wrapper/runs/23_06_08_08_11/logs/signoff/32-write_powered_verilog.log)...
[INFO]: Writing Verilog (log: ../home/hosni/caravel_ips/caravel_ips_tc/openlane/user_project_wrapper/runs/23_06_08_08_11/logs/signoff/32-write_powered_verilog.log)...
[INFO]: Running LVS (log: ../home/hosni/caravel_ips/caravel_ips_tc/openlane/user_project_wrapper/runs/23_06_08_08_11/logs/signoff/34-lvs.gds.log)...
[INFO]: Running Magic DRC (log: ../home/hosni/caravel_ips/caravel_ips_tc/openlane/user_project_wrapper/runs/23_06_08_08_11/logs/signoff/35-drc.log)...
[INFO]: Converting Magic DRC database to various tool-readable formats...
[INFO]: No DRC violations after GDS streaming out.
[INFO]: Running OpenROAD Antenna Rule Checker (log: ../home/hosni/caravel_ips/caravel_ips_tc/openlane/user_project_wrapper/runs/23_06_08_08_11/logs/signoff/36-antenna.log)...
[INFO]: Saving current set of views in '../home/hosni/caravel_ips/caravel_ips_tc/openlane/user_project_wrapper/runs/23_06_08_08_11/results/final'...
[INFO]: Saving current set of views in '../home/hosni/caravel_ips/caravel_ips_tc'...
[INFO]: Saving runtime environment...
[INFO]: Generating final set of reports...
[INFO]: Created manufacturability report at '../home/hosni/caravel_ips/caravel_ips_tc/openlane/user_project_wrapper/runs/23_06_08_08_11/reports/manufacturability.rpt'.
[INFO]: Created metrics report at '../home/hosni/caravel_ips/caravel_ips_tc/openlane/user_project_wrapper/runs/23_06_08_08_11/reports/metrics.csv'.
[WARNING]: There are max fanout violations in the design at the typical corner. Please refer to '../home/hosni/caravel_ips/caravel_ips_tc/openlane/user_project_wrapper/runs/23_06_08_08_11/reports/signoff/26-rcx_sta.checks.rpt'.
[INFO]: There are no hold violations in the design at the typical corner.
[INFO]: There are no setup violations in the design at the typical corner.
[SUCCESS]: Flow complete.
[INFO]: Note that the following warnings have been generated:
